/*C5*/SET SCHEMA PUBLIC
DISCONNECT
/*C6*/SET SCHEMA PUBLIC
INSERT INTO BOOK VALUES('391','Head First Java','admin','2018-03-17 18:30:27.264000')
COMMIT
/*C7*/SET SCHEMA PUBLIC
DISCONNECT
/*C9*/SET SCHEMA PUBLIC
DISCONNECT
/*C11*/SET SCHEMA PUBLIC
DISCONNECT
/*C13*/SET SCHEMA PUBLIC
DISCONNECT
/*C15*/SET SCHEMA PUBLIC
DISCONNECT
/*C17*/SET SCHEMA PUBLIC
DISCONNECT
/*C19*/SET SCHEMA PUBLIC
DISCONNECT
/*C21*/SET SCHEMA PUBLIC
DISCONNECT
/*C22*/SET SCHEMA PUBLIC
INSERT INTO BOOK VALUES('139','Head First Java','admin','2018-03-17 18:32:04.982000')
COMMIT
/*C23*/SET SCHEMA PUBLIC
DISCONNECT
/*C25*/SET SCHEMA PUBLIC
DISCONNECT
/*C27*/SET SCHEMA PUBLIC
DISCONNECT
/*C29*/SET SCHEMA PUBLIC
DISCONNECT
/*C31*/SET SCHEMA PUBLIC
DISCONNECT
/*C33*/SET SCHEMA PUBLIC
DISCONNECT
/*C35*/SET SCHEMA PUBLIC
DISCONNECT
/*C37*/SET SCHEMA PUBLIC
DISCONNECT
/*C39*/SET SCHEMA PUBLIC
DISCONNECT
/*C40*/SET SCHEMA PUBLIC
INSERT INTO BOOK VALUES('571','Head First Java','admin','2018-03-17 18:34:38.566000')
COMMIT
/*C41*/SET SCHEMA PUBLIC
DISCONNECT
/*C43*/SET SCHEMA PUBLIC
DISCONNECT
/*C45*/SET SCHEMA PUBLIC
DISCONNECT
/*C47*/SET SCHEMA PUBLIC
DISCONNECT
/*C49*/SET SCHEMA PUBLIC
DISCONNECT
/*C51*/SET SCHEMA PUBLIC
DISCONNECT
/*C53*/SET SCHEMA PUBLIC
DISCONNECT
/*C55*/SET SCHEMA PUBLIC
DISCONNECT
/*C57*/SET SCHEMA PUBLIC
DISCONNECT
/*C59*/SET SCHEMA PUBLIC
DISCONNECT
/*C61*/SET SCHEMA PUBLIC
DISCONNECT
/*C63*/SET SCHEMA PUBLIC
DISCONNECT
/*C64*/SET SCHEMA PUBLIC
INSERT INTO BOOK VALUES('330','Head First Java','admin','2018-03-17 18:37:50.711000')
COMMIT
/*C65*/SET SCHEMA PUBLIC
DISCONNECT
/*C67*/SET SCHEMA PUBLIC
DISCONNECT
/*C69*/SET SCHEMA PUBLIC
DISCONNECT
/*C71*/SET SCHEMA PUBLIC
DISCONNECT
/*C73*/SET SCHEMA PUBLIC
DISCONNECT
/*C75*/SET SCHEMA PUBLIC
DISCONNECT
/*C77*/SET SCHEMA PUBLIC
DISCONNECT
/*C78*/SET SCHEMA PUBLIC
INSERT INTO BOOK VALUES('522','Head First Java','admin','2018-03-17 18:38:46.976000')
COMMIT
/*C79*/SET SCHEMA PUBLIC
DISCONNECT
/*C81*/SET SCHEMA PUBLIC
DISCONNECT
/*C83*/SET SCHEMA PUBLIC
DISCONNECT
/*C85*/SET SCHEMA PUBLIC
DISCONNECT
/*C86*/SET SCHEMA PUBLIC
INSERT INTO BOOK VALUES('187','Head First Java','admin','2018-03-17 18:39:29.375000')
COMMIT
/*C87*/SET SCHEMA PUBLIC
DISCONNECT
/*C89*/SET SCHEMA PUBLIC
DISCONNECT
/*C91*/SET SCHEMA PUBLIC
DISCONNECT
/*C93*/SET SCHEMA PUBLIC
DISCONNECT
/*C95*/SET SCHEMA PUBLIC
DISCONNECT
/*C97*/SET SCHEMA PUBLIC
DISCONNECT
/*C99*/SET SCHEMA PUBLIC
DISCONNECT
/*C101*/SET SCHEMA PUBLIC
DISCONNECT
/*C103*/SET SCHEMA PUBLIC
DISCONNECT
/*C105*/SET SCHEMA PUBLIC
DISCONNECT
/*C107*/SET SCHEMA PUBLIC
DISCONNECT
/*C109*/SET SCHEMA PUBLIC
DISCONNECT
/*C111*/SET SCHEMA PUBLIC
DISCONNECT
/*C113*/SET SCHEMA PUBLIC
DISCONNECT
/*C115*/SET SCHEMA PUBLIC
DISCONNECT
/*C117*/SET SCHEMA PUBLIC
DISCONNECT
/*C119*/SET SCHEMA PUBLIC
DISCONNECT
/*C121*/SET SCHEMA PUBLIC
DISCONNECT
/*C123*/SET SCHEMA PUBLIC
DISCONNECT
/*C125*/SET SCHEMA PUBLIC
DISCONNECT
/*C127*/SET SCHEMA PUBLIC
DISCONNECT
/*C128*/SET SCHEMA PUBLIC
INSERT INTO BOOK VALUES('154','Head First Java','admin','2018-03-17 19:20:29.833000')
COMMIT
/*C129*/SET SCHEMA PUBLIC
DISCONNECT
/*C131*/SET SCHEMA PUBLIC
DISCONNECT
/*C133*/SET SCHEMA PUBLIC
DISCONNECT
/*C135*/SET SCHEMA PUBLIC
DISCONNECT
/*C137*/SET SCHEMA PUBLIC
DISCONNECT
/*C139*/SET SCHEMA PUBLIC
DISCONNECT
/*C140*/SET SCHEMA PUBLIC
INSERT INTO BOOK VALUES('98','Head First Java','admin','2018-03-17 19:22:58.147000')
COMMIT
/*C141*/SET SCHEMA PUBLIC
DISCONNECT
/*C143*/SET SCHEMA PUBLIC
DISCONNECT
/*C145*/SET SCHEMA PUBLIC
DISCONNECT
/*C147*/SET SCHEMA PUBLIC
DISCONNECT
/*C149*/SET SCHEMA PUBLIC
DISCONNECT
/*C151*/SET SCHEMA PUBLIC
DISCONNECT
/*C153*/SET SCHEMA PUBLIC
DISCONNECT
/*C154*/SET SCHEMA PUBLIC
INSERT INTO BOOK VALUES('774','Head First Java','admin','2018-03-17 19:23:22.430000')
COMMIT
/*C155*/SET SCHEMA PUBLIC
DISCONNECT
/*C157*/SET SCHEMA PUBLIC
DISCONNECT
/*C159*/SET SCHEMA PUBLIC
DISCONNECT
/*C161*/SET SCHEMA PUBLIC
DISCONNECT
/*C163*/SET SCHEMA PUBLIC
DISCONNECT
/*C165*/SET SCHEMA PUBLIC
DISCONNECT
/*C167*/SET SCHEMA PUBLIC
DISCONNECT
/*C169*/SET SCHEMA PUBLIC
DISCONNECT
/*C171*/SET SCHEMA PUBLIC
DISCONNECT
/*C173*/SET SCHEMA PUBLIC
DISCONNECT
/*C175*/SET SCHEMA PUBLIC
DISCONNECT
/*C177*/SET SCHEMA PUBLIC
DISCONNECT
/*C179*/SET SCHEMA PUBLIC
DISCONNECT
/*C181*/SET SCHEMA PUBLIC
DISCONNECT
/*C182*/SET SCHEMA PUBLIC
INSERT INTO BOOK VALUES('551','Head First Java','admin','2018-03-17 19:25:02.600000')
COMMIT
/*C183*/SET SCHEMA PUBLIC
DISCONNECT
/*C185*/SET SCHEMA PUBLIC
DISCONNECT
/*C187*/SET SCHEMA PUBLIC
DISCONNECT
/*C189*/SET SCHEMA PUBLIC
DISCONNECT
/*C191*/SET SCHEMA PUBLIC
DISCONNECT
/*C193*/SET SCHEMA PUBLIC
DISCONNECT
/*C195*/SET SCHEMA PUBLIC
DISCONNECT
/*C196*/SET SCHEMA PUBLIC
INSERT INTO BOOK VALUES('544','Head First Java','admin','2018-03-17 19:25:05.861000')
COMMIT
/*C197*/SET SCHEMA PUBLIC
DISCONNECT
/*C199*/SET SCHEMA PUBLIC
DISCONNECT
/*C201*/SET SCHEMA PUBLIC
DISCONNECT
/*C203*/SET SCHEMA PUBLIC
DISCONNECT
/*C205*/SET SCHEMA PUBLIC
DISCONNECT
/*C207*/SET SCHEMA PUBLIC
DISCONNECT
/*C209*/SET SCHEMA PUBLIC
DISCONNECT
/*C211*/SET SCHEMA PUBLIC
DISCONNECT
/*C213*/SET SCHEMA PUBLIC
DISCONNECT
/*C215*/SET SCHEMA PUBLIC
DISCONNECT
/*C217*/SET SCHEMA PUBLIC
DISCONNECT
/*C219*/SET SCHEMA PUBLIC
DISCONNECT
/*C221*/SET SCHEMA PUBLIC
DISCONNECT
/*C223*/SET SCHEMA PUBLIC
DISCONNECT
/*C225*/SET SCHEMA PUBLIC
DISCONNECT
/*C227*/SET SCHEMA PUBLIC
DISCONNECT
/*C229*/SET SCHEMA PUBLIC
DISCONNECT
/*C230*/SET SCHEMA PUBLIC
INSERT INTO BOOK VALUES('470','Head First Java','admin','2018-03-17 19:26:20.745000')
COMMIT
/*C231*/SET SCHEMA PUBLIC
DISCONNECT
/*C233*/SET SCHEMA PUBLIC
DISCONNECT
/*C235*/SET SCHEMA PUBLIC
DISCONNECT
/*C237*/SET SCHEMA PUBLIC
DISCONNECT
/*C239*/SET SCHEMA PUBLIC
DISCONNECT
/*C241*/SET SCHEMA PUBLIC
DISCONNECT
/*C243*/SET SCHEMA PUBLIC
DISCONNECT
/*C244*/SET SCHEMA PUBLIC
INSERT INTO BOOK VALUES('218','Head First Java','admin','2018-03-17 19:26:24.040000')
COMMIT
/*C245*/SET SCHEMA PUBLIC
DISCONNECT
/*C247*/SET SCHEMA PUBLIC
DISCONNECT
/*C249*/SET SCHEMA PUBLIC
DISCONNECT
/*C251*/SET SCHEMA PUBLIC
DISCONNECT
/*C253*/SET SCHEMA PUBLIC
DISCONNECT
/*C255*/SET SCHEMA PUBLIC
DISCONNECT
/*C257*/SET SCHEMA PUBLIC
DISCONNECT
/*C259*/SET SCHEMA PUBLIC
DISCONNECT
/*C261*/SET SCHEMA PUBLIC
DISCONNECT
/*C263*/SET SCHEMA PUBLIC
DISCONNECT
/*C265*/SET SCHEMA PUBLIC
DISCONNECT
/*C267*/SET SCHEMA PUBLIC
DISCONNECT
/*C269*/SET SCHEMA PUBLIC
DISCONNECT
/*C271*/SET SCHEMA PUBLIC
DISCONNECT
/*C273*/SET SCHEMA PUBLIC
DISCONNECT
/*C275*/SET SCHEMA PUBLIC
DISCONNECT
/*C277*/SET SCHEMA PUBLIC
DISCONNECT
/*C279*/SET SCHEMA PUBLIC
DISCONNECT
/*C281*/SET SCHEMA PUBLIC
DISCONNECT
/*C283*/SET SCHEMA PUBLIC
DISCONNECT
/*C285*/SET SCHEMA PUBLIC
DISCONNECT
/*C287*/SET SCHEMA PUBLIC
DISCONNECT
/*C289*/SET SCHEMA PUBLIC
DISCONNECT
/*C291*/SET SCHEMA PUBLIC
DISCONNECT
/*C292*/SET SCHEMA PUBLIC
INSERT INTO BOOK VALUES('947','Head First Java','admin','2018-03-17 19:33:27.137000')
COMMIT
/*C293*/SET SCHEMA PUBLIC
DISCONNECT
/*C295*/SET SCHEMA PUBLIC
DISCONNECT
/*C297*/SET SCHEMA PUBLIC
DISCONNECT
/*C299*/SET SCHEMA PUBLIC
DISCONNECT
/*C301*/SET SCHEMA PUBLIC
DISCONNECT
/*C303*/SET SCHEMA PUBLIC
DISCONNECT
/*C305*/SET SCHEMA PUBLIC
DISCONNECT
/*C306*/SET SCHEMA PUBLIC
INSERT INTO BOOK VALUES('747','Head First Java','admin','2018-03-17 19:33:30.445000')
COMMIT
/*C307*/SET SCHEMA PUBLIC
DISCONNECT
/*C309*/SET SCHEMA PUBLIC
DISCONNECT
/*C311*/SET SCHEMA PUBLIC
DISCONNECT
/*C313*/SET SCHEMA PUBLIC
DISCONNECT
/*C315*/SET SCHEMA PUBLIC
DISCONNECT
/*C317*/SET SCHEMA PUBLIC
DISCONNECT
/*C319*/SET SCHEMA PUBLIC
DISCONNECT
/*C321*/SET SCHEMA PUBLIC
DISCONNECT
/*C323*/SET SCHEMA PUBLIC
DISCONNECT
/*C325*/SET SCHEMA PUBLIC
DISCONNECT
/*C327*/SET SCHEMA PUBLIC
DISCONNECT
/*C329*/SET SCHEMA PUBLIC
DISCONNECT
/*C331*/SET SCHEMA PUBLIC
DISCONNECT
/*C333*/SET SCHEMA PUBLIC
DISCONNECT
/*C335*/SET SCHEMA PUBLIC
DISCONNECT
/*C337*/SET SCHEMA PUBLIC
DISCONNECT
/*C338*/SET SCHEMA PUBLIC
INSERT INTO BOOK VALUES('950','Test title','testUser','2018-03-17 20:03:09.426000')
COMMIT
/*C339*/SET SCHEMA PUBLIC
DISCONNECT
/*C341*/SET SCHEMA PUBLIC
DISCONNECT
/*C343*/SET SCHEMA PUBLIC
DISCONNECT
/*C345*/SET SCHEMA PUBLIC
DISCONNECT
/*C347*/SET SCHEMA PUBLIC
DISCONNECT
/*C349*/SET SCHEMA PUBLIC
DISCONNECT
/*C351*/SET SCHEMA PUBLIC
DISCONNECT
/*C353*/SET SCHEMA PUBLIC
DISCONNECT
/*C355*/SET SCHEMA PUBLIC
DISCONNECT
/*C356*/SET SCHEMA PUBLIC
INSERT INTO BOOK VALUES('147','Test title','testUser','2018-03-17 20:04:44.489000')
COMMIT
/*C357*/SET SCHEMA PUBLIC
DISCONNECT
/*C359*/SET SCHEMA PUBLIC
DISCONNECT
/*C361*/SET SCHEMA PUBLIC
DISCONNECT
/*C363*/SET SCHEMA PUBLIC
DISCONNECT
/*C365*/SET SCHEMA PUBLIC
DISCONNECT
/*C367*/SET SCHEMA PUBLIC
DISCONNECT
/*C369*/SET SCHEMA PUBLIC
DISCONNECT
/*C371*/SET SCHEMA PUBLIC
DISCONNECT
/*C373*/SET SCHEMA PUBLIC
DISCONNECT
/*C375*/SET SCHEMA PUBLIC
DISCONNECT
/*C377*/SET SCHEMA PUBLIC
DISCONNECT
/*C379*/SET SCHEMA PUBLIC
DISCONNECT
/*C381*/SET SCHEMA PUBLIC
DISCONNECT
/*C383*/SET SCHEMA PUBLIC
DISCONNECT
/*C385*/SET SCHEMA PUBLIC
DISCONNECT
/*C387*/SET SCHEMA PUBLIC
DISCONNECT
/*C389*/SET SCHEMA PUBLIC
DISCONNECT
/*C391*/SET SCHEMA PUBLIC
DISCONNECT
/*C393*/SET SCHEMA PUBLIC
DISCONNECT
/*C395*/SET SCHEMA PUBLIC
DISCONNECT
/*C397*/SET SCHEMA PUBLIC
DISCONNECT
/*C399*/SET SCHEMA PUBLIC
DISCONNECT
/*C401*/SET SCHEMA PUBLIC
DISCONNECT
/*C403*/SET SCHEMA PUBLIC
DISCONNECT
/*C405*/SET SCHEMA PUBLIC
DISCONNECT
/*C407*/SET SCHEMA PUBLIC
DISCONNECT
/*C409*/SET SCHEMA PUBLIC
DISCONNECT
/*C411*/SET SCHEMA PUBLIC
DISCONNECT
/*C413*/SET SCHEMA PUBLIC
DISCONNECT
/*C415*/SET SCHEMA PUBLIC
DISCONNECT
/*C417*/SET SCHEMA PUBLIC
DISCONNECT
/*C419*/SET SCHEMA PUBLIC
DISCONNECT
/*C421*/SET SCHEMA PUBLIC
DISCONNECT
/*C423*/SET SCHEMA PUBLIC
DISCONNECT
/*C425*/SET SCHEMA PUBLIC
DISCONNECT
/*C427*/SET SCHEMA PUBLIC
DISCONNECT
/*C429*/SET SCHEMA PUBLIC
DISCONNECT
/*C431*/SET SCHEMA PUBLIC
DISCONNECT
/*C433*/SET SCHEMA PUBLIC
DISCONNECT
/*C435*/SET SCHEMA PUBLIC
DISCONNECT
/*C437*/SET SCHEMA PUBLIC
DISCONNECT
/*C439*/SET SCHEMA PUBLIC
DISCONNECT
/*C441*/SET SCHEMA PUBLIC
DISCONNECT
/*C443*/SET SCHEMA PUBLIC
DISCONNECT
/*C445*/SET SCHEMA PUBLIC
DISCONNECT
/*C447*/SET SCHEMA PUBLIC
DISCONNECT
/*C449*/SET SCHEMA PUBLIC
DISCONNECT
/*C451*/SET SCHEMA PUBLIC
DISCONNECT
/*C453*/SET SCHEMA PUBLIC
DISCONNECT
/*C455*/SET SCHEMA PUBLIC
DISCONNECT
/*C457*/SET SCHEMA PUBLIC
DISCONNECT
/*C459*/SET SCHEMA PUBLIC
DISCONNECT
/*C461*/SET SCHEMA PUBLIC
DISCONNECT
/*C463*/SET SCHEMA PUBLIC
DISCONNECT
/*C465*/SET SCHEMA PUBLIC
DISCONNECT
/*C467*/SET SCHEMA PUBLIC
DISCONNECT
/*C469*/SET SCHEMA PUBLIC
DISCONNECT
/*C471*/SET SCHEMA PUBLIC
DISCONNECT
/*C473*/SET SCHEMA PUBLIC
DISCONNECT
/*C475*/SET SCHEMA PUBLIC
DISCONNECT
/*C477*/SET SCHEMA PUBLIC
DISCONNECT
/*C479*/SET SCHEMA PUBLIC
DISCONNECT
/*C481*/SET SCHEMA PUBLIC
DISCONNECT
/*C483*/SET SCHEMA PUBLIC
DISCONNECT
/*C485*/SET SCHEMA PUBLIC
DISCONNECT
/*C487*/SET SCHEMA PUBLIC
DISCONNECT
/*C489*/SET SCHEMA PUBLIC
DISCONNECT
/*C491*/SET SCHEMA PUBLIC
DISCONNECT
/*C493*/SET SCHEMA PUBLIC
DISCONNECT
/*C495*/SET SCHEMA PUBLIC
DISCONNECT
/*C497*/SET SCHEMA PUBLIC
DISCONNECT
/*C499*/SET SCHEMA PUBLIC
DISCONNECT
/*C501*/SET SCHEMA PUBLIC
DISCONNECT
/*C503*/SET SCHEMA PUBLIC
DISCONNECT
/*C505*/SET SCHEMA PUBLIC
DISCONNECT
/*C507*/SET SCHEMA PUBLIC
DISCONNECT
/*C509*/SET SCHEMA PUBLIC
DISCONNECT
/*C511*/SET SCHEMA PUBLIC
DISCONNECT
/*C513*/SET SCHEMA PUBLIC
DISCONNECT
/*C515*/SET SCHEMA PUBLIC
DISCONNECT
/*C517*/SET SCHEMA PUBLIC
DISCONNECT
/*C519*/SET SCHEMA PUBLIC
DISCONNECT
/*C521*/SET SCHEMA PUBLIC
DISCONNECT
/*C523*/SET SCHEMA PUBLIC
DISCONNECT
/*C525*/SET SCHEMA PUBLIC
DISCONNECT
/*C527*/SET SCHEMA PUBLIC
DISCONNECT
/*C529*/SET SCHEMA PUBLIC
DISCONNECT
/*C531*/SET SCHEMA PUBLIC
DISCONNECT
/*C533*/SET SCHEMA PUBLIC
DISCONNECT
/*C535*/SET SCHEMA PUBLIC
DISCONNECT
/*C537*/SET SCHEMA PUBLIC
DISCONNECT
/*C539*/SET SCHEMA PUBLIC
DISCONNECT
/*C541*/SET SCHEMA PUBLIC
DISCONNECT
/*C543*/SET SCHEMA PUBLIC
DISCONNECT
/*C545*/SET SCHEMA PUBLIC
DISCONNECT
/*C547*/SET SCHEMA PUBLIC
DISCONNECT
/*C549*/SET SCHEMA PUBLIC
DISCONNECT
/*C551*/SET SCHEMA PUBLIC
DISCONNECT
/*C553*/SET SCHEMA PUBLIC
DISCONNECT
/*C555*/SET SCHEMA PUBLIC
DISCONNECT
/*C557*/SET SCHEMA PUBLIC
DISCONNECT
/*C559*/SET SCHEMA PUBLIC
DISCONNECT
/*C561*/SET SCHEMA PUBLIC
DISCONNECT
/*C563*/SET SCHEMA PUBLIC
DISCONNECT
/*C565*/SET SCHEMA PUBLIC
DISCONNECT
/*C567*/SET SCHEMA PUBLIC
DISCONNECT
/*C569*/SET SCHEMA PUBLIC
DISCONNECT
/*C571*/SET SCHEMA PUBLIC
DISCONNECT
/*C573*/SET SCHEMA PUBLIC
DISCONNECT
/*C575*/SET SCHEMA PUBLIC
DISCONNECT
/*C577*/SET SCHEMA PUBLIC
DISCONNECT
/*C579*/SET SCHEMA PUBLIC
DISCONNECT
/*C581*/SET SCHEMA PUBLIC
DISCONNECT
/*C583*/SET SCHEMA PUBLIC
DISCONNECT
/*C585*/SET SCHEMA PUBLIC
DISCONNECT
/*C587*/SET SCHEMA PUBLIC
DISCONNECT
/*C589*/SET SCHEMA PUBLIC
DISCONNECT
/*C591*/SET SCHEMA PUBLIC
DISCONNECT
/*C593*/SET SCHEMA PUBLIC
DISCONNECT
/*C595*/SET SCHEMA PUBLIC
DISCONNECT
/*C597*/SET SCHEMA PUBLIC
DISCONNECT
/*C599*/SET SCHEMA PUBLIC
DISCONNECT
/*C601*/SET SCHEMA PUBLIC
DISCONNECT
/*C603*/SET SCHEMA PUBLIC
DISCONNECT
/*C605*/SET SCHEMA PUBLIC
DISCONNECT
/*C607*/SET SCHEMA PUBLIC
DISCONNECT
/*C609*/SET SCHEMA PUBLIC
DISCONNECT
/*C611*/SET SCHEMA PUBLIC
DISCONNECT
/*C613*/SET SCHEMA PUBLIC
DISCONNECT
/*C615*/SET SCHEMA PUBLIC
DISCONNECT
/*C617*/SET SCHEMA PUBLIC
DISCONNECT
/*C619*/SET SCHEMA PUBLIC
DISCONNECT
/*C621*/SET SCHEMA PUBLIC
DISCONNECT
/*C623*/SET SCHEMA PUBLIC
DISCONNECT
/*C625*/SET SCHEMA PUBLIC
DISCONNECT
/*C627*/SET SCHEMA PUBLIC
DISCONNECT
/*C629*/SET SCHEMA PUBLIC
DISCONNECT
/*C631*/SET SCHEMA PUBLIC
DISCONNECT
/*C633*/SET SCHEMA PUBLIC
DISCONNECT
/*C635*/SET SCHEMA PUBLIC
DISCONNECT
/*C637*/SET SCHEMA PUBLIC
DISCONNECT
/*C639*/SET SCHEMA PUBLIC
DISCONNECT
/*C641*/SET SCHEMA PUBLIC
DISCONNECT
/*C643*/SET SCHEMA PUBLIC
DISCONNECT
/*C645*/SET SCHEMA PUBLIC
DISCONNECT
/*C647*/SET SCHEMA PUBLIC
DISCONNECT
/*C649*/SET SCHEMA PUBLIC
DISCONNECT
/*C651*/SET SCHEMA PUBLIC
DISCONNECT
/*C652*/SET SCHEMA PUBLIC
INSERT INTO COMMENTS VALUES('001','some comment','3','Admin','2018-03-17 20:22:39.687000')
COMMIT
/*C653*/SET SCHEMA PUBLIC
DISCONNECT
/*C655*/SET SCHEMA PUBLIC
DISCONNECT
/*C657*/SET SCHEMA PUBLIC
DISCONNECT
/*C659*/SET SCHEMA PUBLIC
DISCONNECT
/*C661*/SET SCHEMA PUBLIC
DISCONNECT
/*C663*/SET SCHEMA PUBLIC
DISCONNECT
/*C665*/SET SCHEMA PUBLIC
DISCONNECT
/*C667*/SET SCHEMA PUBLIC
DISCONNECT
/*C669*/SET SCHEMA PUBLIC
DISCONNECT
/*C671*/SET SCHEMA PUBLIC
DISCONNECT
/*C672*/SET SCHEMA PUBLIC
INSERT INTO COMMENTS VALUES('747','new comment','3','admin','2018-03-17 20:26:28.287000')
COMMIT
/*C673*/SET SCHEMA PUBLIC
DISCONNECT
/*C675*/SET SCHEMA PUBLIC
DISCONNECT
/*C677*/SET SCHEMA PUBLIC
DISCONNECT
/*C679*/SET SCHEMA PUBLIC
DISCONNECT
/*C681*/SET SCHEMA PUBLIC
DISCONNECT
/*C683*/SET SCHEMA PUBLIC
DISCONNECT
/*C685*/SET SCHEMA PUBLIC
DISCONNECT
/*C687*/SET SCHEMA PUBLIC
DISCONNECT
/*C689*/SET SCHEMA PUBLIC
DISCONNECT
/*C691*/SET SCHEMA PUBLIC
DISCONNECT
/*C693*/SET SCHEMA PUBLIC
DISCONNECT
/*C695*/SET SCHEMA PUBLIC
DISCONNECT
/*C696*/SET SCHEMA PUBLIC
INSERT INTO COMMENTS VALUES('947','new comment','4','admin','2018-03-17 20:31:14.618000')
COMMIT
/*C697*/SET SCHEMA PUBLIC
DISCONNECT
/*C699*/SET SCHEMA PUBLIC
DISCONNECT
/*C701*/SET SCHEMA PUBLIC
DISCONNECT
/*C703*/SET SCHEMA PUBLIC
DISCONNECT
/*C705*/SET SCHEMA PUBLIC
DISCONNECT
/*C707*/SET SCHEMA PUBLIC
DISCONNECT
/*C709*/SET SCHEMA PUBLIC
DISCONNECT
/*C711*/SET SCHEMA PUBLIC
DISCONNECT
/*C713*/SET SCHEMA PUBLIC
DISCONNECT
/*C715*/SET SCHEMA PUBLIC
DISCONNECT
/*C717*/SET SCHEMA PUBLIC
DISCONNECT
/*C718*/SET SCHEMA PUBLIC
INSERT INTO COMMENTS VALUES('147','now comment','3','admin','2018-03-17 20:31:35.183000')
COMMIT
/*C719*/SET SCHEMA PUBLIC
DISCONNECT
/*C721*/SET SCHEMA PUBLIC
DISCONNECT
/*C723*/SET SCHEMA PUBLIC
DISCONNECT
/*C725*/SET SCHEMA PUBLIC
DISCONNECT
/*C727*/SET SCHEMA PUBLIC
DISCONNECT
/*C728*/SET SCHEMA PUBLIC
INSERT INTO BOOK VALUES('8589','new Book','admin','2018-03-17 20:31:47.516000')
COMMIT
/*C729*/SET SCHEMA PUBLIC
DISCONNECT
/*C731*/SET SCHEMA PUBLIC
DISCONNECT
/*C733*/SET SCHEMA PUBLIC
DISCONNECT
/*C735*/SET SCHEMA PUBLIC
DISCONNECT
/*C737*/SET SCHEMA PUBLIC
DISCONNECT
/*C739*/SET SCHEMA PUBLIC
DISCONNECT
/*C741*/SET SCHEMA PUBLIC
DISCONNECT
/*C743*/SET SCHEMA PUBLIC
DISCONNECT
/*C745*/SET SCHEMA PUBLIC
DISCONNECT
/*C747*/SET SCHEMA PUBLIC
DISCONNECT
/*C749*/SET SCHEMA PUBLIC
DISCONNECT
/*C751*/SET SCHEMA PUBLIC
DISCONNECT
/*C753*/SET SCHEMA PUBLIC
DISCONNECT
/*C755*/SET SCHEMA PUBLIC
DISCONNECT
/*C757*/SET SCHEMA PUBLIC
DISCONNECT
/*C759*/SET SCHEMA PUBLIC
DISCONNECT
/*C761*/SET SCHEMA PUBLIC
DISCONNECT
/*C763*/SET SCHEMA PUBLIC
DISCONNECT
/*C765*/SET SCHEMA PUBLIC
DISCONNECT
/*C767*/SET SCHEMA PUBLIC
DISCONNECT
/*C769*/SET SCHEMA PUBLIC
DISCONNECT
/*C771*/SET SCHEMA PUBLIC
DISCONNECT
/*C773*/SET SCHEMA PUBLIC
DISCONNECT
/*C775*/SET SCHEMA PUBLIC
DISCONNECT
/*C777*/SET SCHEMA PUBLIC
DISCONNECT
/*C779*/SET SCHEMA PUBLIC
DISCONNECT
/*C781*/SET SCHEMA PUBLIC
DISCONNECT
/*C783*/SET SCHEMA PUBLIC
DISCONNECT
/*C785*/SET SCHEMA PUBLIC
DISCONNECT
/*C787*/SET SCHEMA PUBLIC
DISCONNECT
/*C789*/SET SCHEMA PUBLIC
DISCONNECT
/*C790*/SET SCHEMA PUBLIC
INSERT INTO BOOK VALUES('283','Head First Java','admin','2018-03-17 20:34:49.166000')
COMMIT
/*C791*/SET SCHEMA PUBLIC
DISCONNECT
/*C793*/SET SCHEMA PUBLIC
DISCONNECT
/*C795*/SET SCHEMA PUBLIC
DISCONNECT
/*C797*/SET SCHEMA PUBLIC
DISCONNECT
/*C799*/SET SCHEMA PUBLIC
DISCONNECT
/*C801*/SET SCHEMA PUBLIC
DISCONNECT
/*C803*/SET SCHEMA PUBLIC
DISCONNECT
/*C804*/SET SCHEMA PUBLIC
INSERT INTO BOOK VALUES('745','Head First Java','admin','2018-03-17 20:34:52.483000')
COMMIT
/*C805*/SET SCHEMA PUBLIC
DISCONNECT
/*C807*/SET SCHEMA PUBLIC
DISCONNECT
/*C809*/SET SCHEMA PUBLIC
DISCONNECT
/*C811*/SET SCHEMA PUBLIC
DISCONNECT
/*C813*/SET SCHEMA PUBLIC
DISCONNECT
/*C815*/SET SCHEMA PUBLIC
DISCONNECT
/*C817*/SET SCHEMA PUBLIC
DISCONNECT
/*C819*/SET SCHEMA PUBLIC
DISCONNECT
/*C821*/SET SCHEMA PUBLIC
DISCONNECT
/*C823*/SET SCHEMA PUBLIC
DISCONNECT
/*C825*/SET SCHEMA PUBLIC
DISCONNECT
/*C827*/SET SCHEMA PUBLIC
DISCONNECT
/*C829*/SET SCHEMA PUBLIC
DISCONNECT
/*C831*/SET SCHEMA PUBLIC
DISCONNECT
/*C833*/SET SCHEMA PUBLIC
DISCONNECT
/*C835*/SET SCHEMA PUBLIC
DISCONNECT
/*C837*/SET SCHEMA PUBLIC
DISCONNECT
/*C839*/SET SCHEMA PUBLIC
DISCONNECT
/*C841*/SET SCHEMA PUBLIC
DISCONNECT
/*C843*/SET SCHEMA PUBLIC
DISCONNECT
/*C845*/SET SCHEMA PUBLIC
DISCONNECT
/*C847*/SET SCHEMA PUBLIC
DISCONNECT
/*C849*/SET SCHEMA PUBLIC
DISCONNECT
/*C851*/SET SCHEMA PUBLIC
DISCONNECT
/*C853*/SET SCHEMA PUBLIC
DISCONNECT
/*C855*/SET SCHEMA PUBLIC
DISCONNECT
/*C857*/SET SCHEMA PUBLIC
DISCONNECT
/*C859*/SET SCHEMA PUBLIC
DISCONNECT
/*C861*/SET SCHEMA PUBLIC
DISCONNECT
/*C863*/SET SCHEMA PUBLIC
DISCONNECT
/*C865*/SET SCHEMA PUBLIC
DISCONNECT
/*C867*/SET SCHEMA PUBLIC
DISCONNECT
/*C869*/SET SCHEMA PUBLIC
DISCONNECT
/*C871*/SET SCHEMA PUBLIC
DISCONNECT
/*C873*/SET SCHEMA PUBLIC
DISCONNECT
/*C875*/SET SCHEMA PUBLIC
DISCONNECT
/*C877*/SET SCHEMA PUBLIC
DISCONNECT
/*C878*/SET SCHEMA PUBLIC
INSERT INTO COMMENTS VALUES('745','new comment','3','admin','2018-03-17 20:41:22.074000')
COMMIT
/*C879*/SET SCHEMA PUBLIC
DISCONNECT
/*C881*/SET SCHEMA PUBLIC
DISCONNECT
/*C883*/SET SCHEMA PUBLIC
DISCONNECT
/*C885*/SET SCHEMA PUBLIC
DISCONNECT
/*C887*/SET SCHEMA PUBLIC
DISCONNECT
/*C889*/SET SCHEMA PUBLIC
DISCONNECT
/*C891*/SET SCHEMA PUBLIC
DISCONNECT
/*C893*/SET SCHEMA PUBLIC
DISCONNECT
/*C895*/SET SCHEMA PUBLIC
DISCONNECT
/*C897*/SET SCHEMA PUBLIC
DISCONNECT
/*C899*/SET SCHEMA PUBLIC
DISCONNECT
/*C901*/SET SCHEMA PUBLIC
DISCONNECT
/*C903*/SET SCHEMA PUBLIC
DISCONNECT
/*C905*/SET SCHEMA PUBLIC
DISCONNECT
/*C907*/SET SCHEMA PUBLIC
DISCONNECT
/*C909*/SET SCHEMA PUBLIC
DISCONNECT
/*C911*/SET SCHEMA PUBLIC
DISCONNECT
/*C913*/SET SCHEMA PUBLIC
DISCONNECT
/*C915*/SET SCHEMA PUBLIC
DISCONNECT
/*C917*/SET SCHEMA PUBLIC
DISCONNECT
/*C919*/SET SCHEMA PUBLIC
DISCONNECT
/*C921*/SET SCHEMA PUBLIC
DISCONNECT
/*C923*/SET SCHEMA PUBLIC
DISCONNECT
/*C925*/SET SCHEMA PUBLIC
DISCONNECT
/*C927*/SET SCHEMA PUBLIC
DISCONNECT
/*C929*/SET SCHEMA PUBLIC
DISCONNECT
/*C931*/SET SCHEMA PUBLIC
DISCONNECT
/*C933*/SET SCHEMA PUBLIC
DISCONNECT
/*C935*/SET SCHEMA PUBLIC
DISCONNECT
/*C937*/SET SCHEMA PUBLIC
DISCONNECT
/*C939*/SET SCHEMA PUBLIC
DISCONNECT
/*C941*/SET SCHEMA PUBLIC
DISCONNECT
/*C943*/SET SCHEMA PUBLIC
DISCONNECT
/*C944*/SET SCHEMA PUBLIC
INSERT INTO COMMENTS VALUES('745','new  omme nt','5','admin','2018-03-17 20:44:36.207000')
COMMIT
/*C945*/SET SCHEMA PUBLIC
DISCONNECT
/*C947*/SET SCHEMA PUBLIC
DISCONNECT
/*C949*/SET SCHEMA PUBLIC
DISCONNECT
/*C951*/SET SCHEMA PUBLIC
DISCONNECT
/*C953*/SET SCHEMA PUBLIC
DISCONNECT
/*C955*/SET SCHEMA PUBLIC
DISCONNECT
/*C957*/SET SCHEMA PUBLIC
DISCONNECT
/*C959*/SET SCHEMA PUBLIC
DISCONNECT
/*C961*/SET SCHEMA PUBLIC
DISCONNECT
/*C963*/SET SCHEMA PUBLIC
DISCONNECT
/*C965*/SET SCHEMA PUBLIC
DISCONNECT
/*C967*/SET SCHEMA PUBLIC
DISCONNECT
/*C969*/SET SCHEMA PUBLIC
DISCONNECT
/*C971*/SET SCHEMA PUBLIC
DISCONNECT
/*C973*/SET SCHEMA PUBLIC
DISCONNECT
/*C975*/SET SCHEMA PUBLIC
DISCONNECT
/*C977*/SET SCHEMA PUBLIC
DISCONNECT
/*C979*/SET SCHEMA PUBLIC
DISCONNECT
/*C981*/SET SCHEMA PUBLIC
DISCONNECT
/*C983*/SET SCHEMA PUBLIC
DISCONNECT
/*C985*/SET SCHEMA PUBLIC
DISCONNECT
/*C987*/SET SCHEMA PUBLIC
DISCONNECT
/*C989*/SET SCHEMA PUBLIC
DISCONNECT
/*C991*/SET SCHEMA PUBLIC
DISCONNECT
/*C993*/SET SCHEMA PUBLIC
DISCONNECT
/*C995*/SET SCHEMA PUBLIC
DISCONNECT
/*C997*/SET SCHEMA PUBLIC
DISCONNECT
/*C999*/SET SCHEMA PUBLIC
DISCONNECT
/*C1001*/SET SCHEMA PUBLIC
DISCONNECT
/*C1003*/SET SCHEMA PUBLIC
DISCONNECT
/*C1005*/SET SCHEMA PUBLIC
DISCONNECT
/*C1007*/SET SCHEMA PUBLIC
DISCONNECT
/*C1009*/SET SCHEMA PUBLIC
DISCONNECT
/*C1011*/SET SCHEMA PUBLIC
DISCONNECT
/*C1013*/SET SCHEMA PUBLIC
DISCONNECT
/*C1015*/SET SCHEMA PUBLIC
DISCONNECT
/*C1017*/SET SCHEMA PUBLIC
DISCONNECT
/*C1019*/SET SCHEMA PUBLIC
DISCONNECT
/*C1021*/SET SCHEMA PUBLIC
DISCONNECT
/*C1023*/SET SCHEMA PUBLIC
DISCONNECT
/*C1025*/SET SCHEMA PUBLIC
DISCONNECT
/*C1027*/SET SCHEMA PUBLIC
DISCONNECT
/*C1029*/SET SCHEMA PUBLIC
DISCONNECT
/*C1031*/SET SCHEMA PUBLIC
DISCONNECT
/*C1033*/SET SCHEMA PUBLIC
DISCONNECT
/*C1035*/SET SCHEMA PUBLIC
DISCONNECT
/*C1037*/SET SCHEMA PUBLIC
DISCONNECT
/*C1039*/SET SCHEMA PUBLIC
DISCONNECT
/*C1041*/SET SCHEMA PUBLIC
DISCONNECT
/*C1043*/SET SCHEMA PUBLIC
DISCONNECT
/*C1045*/SET SCHEMA PUBLIC
DISCONNECT
/*C1047*/SET SCHEMA PUBLIC
DISCONNECT
/*C1049*/SET SCHEMA PUBLIC
DISCONNECT
/*C1051*/SET SCHEMA PUBLIC
DISCONNECT
/*C1053*/SET SCHEMA PUBLIC
DISCONNECT
/*C1055*/SET SCHEMA PUBLIC
DISCONNECT
/*C1057*/SET SCHEMA PUBLIC
DISCONNECT
/*C1059*/SET SCHEMA PUBLIC
DISCONNECT
/*C1061*/SET SCHEMA PUBLIC
DISCONNECT
/*C1063*/SET SCHEMA PUBLIC
DISCONNECT
/*C1065*/SET SCHEMA PUBLIC
DISCONNECT
/*C1067*/SET SCHEMA PUBLIC
DISCONNECT
/*C1069*/SET SCHEMA PUBLIC
DISCONNECT
/*C1071*/SET SCHEMA PUBLIC
DISCONNECT
/*C1073*/SET SCHEMA PUBLIC
DISCONNECT
/*C1075*/SET SCHEMA PUBLIC
DISCONNECT
/*C1077*/SET SCHEMA PUBLIC
DISCONNECT
/*C1079*/SET SCHEMA PUBLIC
DISCONNECT
/*C1081*/SET SCHEMA PUBLIC
DISCONNECT
/*C1083*/SET SCHEMA PUBLIC
DISCONNECT
/*C1085*/SET SCHEMA PUBLIC
DISCONNECT
/*C1087*/SET SCHEMA PUBLIC
DISCONNECT
/*C1089*/SET SCHEMA PUBLIC
DISCONNECT
/*C1091*/SET SCHEMA PUBLIC
DISCONNECT
/*C1093*/SET SCHEMA PUBLIC
DISCONNECT
/*C1095*/SET SCHEMA PUBLIC
DISCONNECT
/*C1097*/SET SCHEMA PUBLIC
DISCONNECT
/*C1099*/SET SCHEMA PUBLIC
DISCONNECT
/*C1101*/SET SCHEMA PUBLIC
DISCONNECT
/*C1103*/SET SCHEMA PUBLIC
DISCONNECT
/*C1104*/SET SCHEMA PUBLIC
INSERT INTO COMMENTS VALUES('745','Good','5','admin','2018-03-17 21:56:32.857000')
COMMIT
/*C1105*/SET SCHEMA PUBLIC
DISCONNECT
/*C1107*/SET SCHEMA PUBLIC
DISCONNECT
/*C1109*/SET SCHEMA PUBLIC
DISCONNECT
/*C1111*/SET SCHEMA PUBLIC
DISCONNECT
/*C1113*/SET SCHEMA PUBLIC
DISCONNECT
/*C1115*/SET SCHEMA PUBLIC
DISCONNECT
/*C1117*/SET SCHEMA PUBLIC
DISCONNECT
/*C1119*/SET SCHEMA PUBLIC
DISCONNECT
/*C1121*/SET SCHEMA PUBLIC
DISCONNECT
/*C1123*/SET SCHEMA PUBLIC
DISCONNECT
/*C1125*/SET SCHEMA PUBLIC
DISCONNECT
/*C1127*/SET SCHEMA PUBLIC
DISCONNECT
/*C1129*/SET SCHEMA PUBLIC
DISCONNECT
/*C1131*/SET SCHEMA PUBLIC
DISCONNECT
/*C1133*/SET SCHEMA PUBLIC
DISCONNECT
/*C1135*/SET SCHEMA PUBLIC
DISCONNECT
/*C1137*/SET SCHEMA PUBLIC
DISCONNECT
/*C1138*/SET SCHEMA PUBLIC
INSERT INTO COMMENTS VALUES('745','Good','5','admin','2018-03-17 21:57:14.811000')
COMMIT
/*C1139*/SET SCHEMA PUBLIC
DISCONNECT
/*C1141*/SET SCHEMA PUBLIC
DISCONNECT
/*C1143*/SET SCHEMA PUBLIC
DISCONNECT
/*C1145*/SET SCHEMA PUBLIC
DISCONNECT
/*C1147*/SET SCHEMA PUBLIC
DISCONNECT
/*C1149*/SET SCHEMA PUBLIC
DISCONNECT
/*C1151*/SET SCHEMA PUBLIC
DISCONNECT
/*C1153*/SET SCHEMA PUBLIC
DISCONNECT
/*C1155*/SET SCHEMA PUBLIC
DISCONNECT
/*C1157*/SET SCHEMA PUBLIC
DISCONNECT
/*C1159*/SET SCHEMA PUBLIC
DISCONNECT
/*C1161*/SET SCHEMA PUBLIC
DISCONNECT
/*C1163*/SET SCHEMA PUBLIC
DISCONNECT
/*C1165*/SET SCHEMA PUBLIC
DISCONNECT
/*C1167*/SET SCHEMA PUBLIC
DISCONNECT
/*C1169*/SET SCHEMA PUBLIC
DISCONNECT
/*C1171*/SET SCHEMA PUBLIC
DISCONNECT
/*C1173*/SET SCHEMA PUBLIC
DISCONNECT
/*C1175*/SET SCHEMA PUBLIC
DISCONNECT
/*C1176*/SET SCHEMA PUBLIC
INSERT INTO BOOK VALUES('473','Head First Java','admin','2018-03-17 22:13:19.510000')
COMMIT
/*C1177*/SET SCHEMA PUBLIC
DISCONNECT
/*C1179*/SET SCHEMA PUBLIC
DISCONNECT
/*C1181*/SET SCHEMA PUBLIC
DISCONNECT
/*C1183*/SET SCHEMA PUBLIC
DISCONNECT
/*C1185*/SET SCHEMA PUBLIC
DISCONNECT
/*C1187*/SET SCHEMA PUBLIC
DISCONNECT
/*C1189*/SET SCHEMA PUBLIC
DISCONNECT
/*C1190*/SET SCHEMA PUBLIC
INSERT INTO BOOK VALUES('966','Head First Java','admin','2018-03-17 22:13:22.771000')
COMMIT
/*C1191*/SET SCHEMA PUBLIC
DISCONNECT
/*C1193*/SET SCHEMA PUBLIC
DISCONNECT
/*C1195*/SET SCHEMA PUBLIC
DISCONNECT
/*C1197*/SET SCHEMA PUBLIC
DISCONNECT
/*C1199*/SET SCHEMA PUBLIC
DISCONNECT
/*C1201*/SET SCHEMA PUBLIC
DISCONNECT
/*C1203*/SET SCHEMA PUBLIC
DISCONNECT
/*C1205*/SET SCHEMA PUBLIC
DISCONNECT
/*C1207*/SET SCHEMA PUBLIC
DISCONNECT
/*C1209*/SET SCHEMA PUBLIC
DISCONNECT
/*C1211*/SET SCHEMA PUBLIC
DISCONNECT
/*C1213*/SET SCHEMA PUBLIC
DISCONNECT
/*C1215*/SET SCHEMA PUBLIC
DISCONNECT
/*C1217*/SET SCHEMA PUBLIC
DISCONNECT
/*C1219*/SET SCHEMA PUBLIC
DISCONNECT
/*C1221*/SET SCHEMA PUBLIC
DISCONNECT
/*C1223*/SET SCHEMA PUBLIC
DISCONNECT
/*C1225*/SET SCHEMA PUBLIC
DISCONNECT
/*C1227*/SET SCHEMA PUBLIC
DISCONNECT
/*C1229*/SET SCHEMA PUBLIC
DISCONNECT
/*C1231*/SET SCHEMA PUBLIC
DISCONNECT
/*C1233*/SET SCHEMA PUBLIC
DISCONNECT
/*C1235*/SET SCHEMA PUBLIC
DISCONNECT
/*C1237*/SET SCHEMA PUBLIC
DISCONNECT
/*C1239*/SET SCHEMA PUBLIC
DISCONNECT
/*C1241*/SET SCHEMA PUBLIC
DISCONNECT
/*C1243*/SET SCHEMA PUBLIC
DISCONNECT
/*C1245*/SET SCHEMA PUBLIC
DISCONNECT
/*C1247*/SET SCHEMA PUBLIC
DISCONNECT
/*C1249*/SET SCHEMA PUBLIC
DISCONNECT
/*C1251*/SET SCHEMA PUBLIC
DISCONNECT
/*C1253*/SET SCHEMA PUBLIC
DISCONNECT
/*C1255*/SET SCHEMA PUBLIC
DISCONNECT
/*C1257*/SET SCHEMA PUBLIC
DISCONNECT
/*C1258*/SET SCHEMA PUBLIC
INSERT INTO COMMENTS VALUES('966','Good','5','admin','2018-03-17 22:15:18.531000')
COMMIT
/*C1259*/SET SCHEMA PUBLIC
DISCONNECT
/*C1261*/SET SCHEMA PUBLIC
DISCONNECT
/*C1263*/SET SCHEMA PUBLIC
DISCONNECT
/*C1265*/SET SCHEMA PUBLIC
DISCONNECT
/*C1267*/SET SCHEMA PUBLIC
DISCONNECT
/*C1269*/SET SCHEMA PUBLIC
DISCONNECT
/*C1271*/SET SCHEMA PUBLIC
DISCONNECT
/*C1273*/SET SCHEMA PUBLIC
DISCONNECT
/*C1275*/SET SCHEMA PUBLIC
DISCONNECT
/*C1277*/SET SCHEMA PUBLIC
DISCONNECT
/*C1278*/SET SCHEMA PUBLIC
INSERT INTO BOOK VALUES('453','Test Title','admin','2018-03-17 22:16:43.387000')
COMMIT
/*C1279*/SET SCHEMA PUBLIC
DISCONNECT
/*C1281*/SET SCHEMA PUBLIC
DISCONNECT
/*C1283*/SET SCHEMA PUBLIC
DISCONNECT
/*C1285*/SET SCHEMA PUBLIC
DISCONNECT
/*C1287*/SET SCHEMA PUBLIC
DISCONNECT
/*C1289*/SET SCHEMA PUBLIC
DISCONNECT
/*C1291*/SET SCHEMA PUBLIC
DISCONNECT
/*C1293*/SET SCHEMA PUBLIC
DISCONNECT
/*C1295*/SET SCHEMA PUBLIC
DISCONNECT
/*C1297*/SET SCHEMA PUBLIC
DISCONNECT
/*C1298*/SET SCHEMA PUBLIC
INSERT INTO COMMENTS VALUES('453','Good','5','admin','2018-03-17 22:16:53.172000')
COMMIT
/*C1299*/SET SCHEMA PUBLIC
DISCONNECT
/*C1301*/SET SCHEMA PUBLIC
DISCONNECT
/*C1303*/SET SCHEMA PUBLIC
DISCONNECT
/*C1305*/SET SCHEMA PUBLIC
DISCONNECT
/*C1307*/SET SCHEMA PUBLIC
DISCONNECT
/*C1309*/SET SCHEMA PUBLIC
DISCONNECT
/*C1311*/SET SCHEMA PUBLIC
DISCONNECT
/*C1313*/SET SCHEMA PUBLIC
DISCONNECT
/*C1315*/SET SCHEMA PUBLIC
DISCONNECT
/*C1317*/SET SCHEMA PUBLIC
DISCONNECT
/*C1319*/SET SCHEMA PUBLIC
DISCONNECT
/*C1321*/SET SCHEMA PUBLIC
DISCONNECT
/*C1323*/SET SCHEMA PUBLIC
DISCONNECT
/*C1324*/SET SCHEMA PUBLIC
INSERT INTO COMMENTS VALUES('453','Good','5','admin','2018-03-17 22:20:52.229000')
COMMIT
/*C1325*/SET SCHEMA PUBLIC
DISCONNECT
/*C1327*/SET SCHEMA PUBLIC
DISCONNECT
/*C1329*/SET SCHEMA PUBLIC
DISCONNECT
/*C1331*/SET SCHEMA PUBLIC
DISCONNECT
/*C1333*/SET SCHEMA PUBLIC
DISCONNECT
/*C1335*/SET SCHEMA PUBLIC
DISCONNECT
/*C1337*/SET SCHEMA PUBLIC
DISCONNECT
/*C1339*/SET SCHEMA PUBLIC
DISCONNECT
/*C1341*/SET SCHEMA PUBLIC
DISCONNECT
/*C1343*/SET SCHEMA PUBLIC
DISCONNECT
/*C1345*/SET SCHEMA PUBLIC
DISCONNECT
/*C1347*/SET SCHEMA PUBLIC
DISCONNECT
/*C1349*/SET SCHEMA PUBLIC
DISCONNECT
/*C1351*/SET SCHEMA PUBLIC
DISCONNECT
/*C1352*/SET SCHEMA PUBLIC
INSERT INTO BOOK VALUES('79','Head First Java','admin','2018-03-17 22:22:22.563000')
COMMIT
/*C1353*/SET SCHEMA PUBLIC
DISCONNECT
/*C1355*/SET SCHEMA PUBLIC
DISCONNECT
/*C1357*/SET SCHEMA PUBLIC
DISCONNECT
/*C1359*/SET SCHEMA PUBLIC
DISCONNECT
/*C1361*/SET SCHEMA PUBLIC
DISCONNECT
/*C1362*/SET SCHEMA PUBLIC
INSERT INTO BOOK VALUES('795','Head First Java','admin','2018-03-17 22:22:45.811000')
COMMIT
/*C1363*/SET SCHEMA PUBLIC
DISCONNECT
/*C1365*/SET SCHEMA PUBLIC
DISCONNECT
/*C1367*/SET SCHEMA PUBLIC
DISCONNECT
/*C1369*/SET SCHEMA PUBLIC
DISCONNECT
/*C1371*/SET SCHEMA PUBLIC
DISCONNECT
/*C1373*/SET SCHEMA PUBLIC
DISCONNECT
/*C1375*/SET SCHEMA PUBLIC
DISCONNECT
/*C1377*/SET SCHEMA PUBLIC
DISCONNECT
/*C1379*/SET SCHEMA PUBLIC
DISCONNECT
/*C1381*/SET SCHEMA PUBLIC
DISCONNECT
/*C1383*/SET SCHEMA PUBLIC
DISCONNECT
/*C1385*/SET SCHEMA PUBLIC
DISCONNECT
/*C1387*/SET SCHEMA PUBLIC
DISCONNECT
/*C1389*/SET SCHEMA PUBLIC
DISCONNECT
/*C1391*/SET SCHEMA PUBLIC
DISCONNECT
/*C1393*/SET SCHEMA PUBLIC
DISCONNECT
/*C1395*/SET SCHEMA PUBLIC
DISCONNECT
/*C1397*/SET SCHEMA PUBLIC
DISCONNECT
/*C1399*/SET SCHEMA PUBLIC
DISCONNECT
/*C1401*/SET SCHEMA PUBLIC
DISCONNECT
/*C1403*/SET SCHEMA PUBLIC
DISCONNECT
/*C1405*/SET SCHEMA PUBLIC
DISCONNECT
/*C1407*/SET SCHEMA PUBLIC
DISCONNECT
/*C1409*/SET SCHEMA PUBLIC
DISCONNECT
/*C1411*/SET SCHEMA PUBLIC
DISCONNECT
/*C1413*/SET SCHEMA PUBLIC
DISCONNECT
/*C1415*/SET SCHEMA PUBLIC
DISCONNECT
/*C1417*/SET SCHEMA PUBLIC
DISCONNECT
/*C1419*/SET SCHEMA PUBLIC
DISCONNECT
/*C1421*/SET SCHEMA PUBLIC
DISCONNECT
/*C1423*/SET SCHEMA PUBLIC
DISCONNECT
/*C1425*/SET SCHEMA PUBLIC
DISCONNECT
/*C1427*/SET SCHEMA PUBLIC
DISCONNECT
/*C1429*/SET SCHEMA PUBLIC
DISCONNECT
/*C1431*/SET SCHEMA PUBLIC
DISCONNECT
/*C1433*/SET SCHEMA PUBLIC
DISCONNECT
/*C1435*/SET SCHEMA PUBLIC
DISCONNECT
/*C1437*/SET SCHEMA PUBLIC
DISCONNECT
/*C1439*/SET SCHEMA PUBLIC
DISCONNECT
/*C1441*/SET SCHEMA PUBLIC
DISCONNECT
/*C1443*/SET SCHEMA PUBLIC
DISCONNECT
/*C1445*/SET SCHEMA PUBLIC
DISCONNECT
/*C1447*/SET SCHEMA PUBLIC
DISCONNECT
/*C1449*/SET SCHEMA PUBLIC
DISCONNECT
/*C1451*/SET SCHEMA PUBLIC
DISCONNECT
/*C1453*/SET SCHEMA PUBLIC
DISCONNECT
/*C1455*/SET SCHEMA PUBLIC
DISCONNECT
/*C1457*/SET SCHEMA PUBLIC
DISCONNECT
/*C1459*/SET SCHEMA PUBLIC
DISCONNECT
/*C1461*/SET SCHEMA PUBLIC
DISCONNECT
/*C1463*/SET SCHEMA PUBLIC
DISCONNECT
/*C1465*/SET SCHEMA PUBLIC
DISCONNECT
/*C1467*/SET SCHEMA PUBLIC
DISCONNECT
/*C1469*/SET SCHEMA PUBLIC
DISCONNECT
/*C1471*/SET SCHEMA PUBLIC
DISCONNECT
/*C1473*/SET SCHEMA PUBLIC
DISCONNECT
/*C1475*/SET SCHEMA PUBLIC
DISCONNECT
/*C1477*/SET SCHEMA PUBLIC
DISCONNECT
/*C1479*/SET SCHEMA PUBLIC
DISCONNECT
/*C1481*/SET SCHEMA PUBLIC
DISCONNECT
/*C1483*/SET SCHEMA PUBLIC
DISCONNECT
/*C1485*/SET SCHEMA PUBLIC
DISCONNECT
/*C1487*/SET SCHEMA PUBLIC
DISCONNECT
/*C1489*/SET SCHEMA PUBLIC
DISCONNECT
/*C1491*/SET SCHEMA PUBLIC
DISCONNECT
/*C1493*/SET SCHEMA PUBLIC
DISCONNECT
/*C1495*/SET SCHEMA PUBLIC
DISCONNECT
/*C1497*/SET SCHEMA PUBLIC
DISCONNECT
/*C1499*/SET SCHEMA PUBLIC
DISCONNECT
/*C1501*/SET SCHEMA PUBLIC
DISCONNECT
/*C1503*/SET SCHEMA PUBLIC
DISCONNECT
/*C1505*/SET SCHEMA PUBLIC
DISCONNECT
/*C1507*/SET SCHEMA PUBLIC
DISCONNECT
/*C1509*/SET SCHEMA PUBLIC
DISCONNECT
/*C1511*/SET SCHEMA PUBLIC
DISCONNECT
/*C1513*/SET SCHEMA PUBLIC
DISCONNECT
/*C1515*/SET SCHEMA PUBLIC
DISCONNECT
/*C1517*/SET SCHEMA PUBLIC
DISCONNECT
/*C1519*/SET SCHEMA PUBLIC
DISCONNECT
/*C1521*/SET SCHEMA PUBLIC
DISCONNECT
/*C1523*/SET SCHEMA PUBLIC
DISCONNECT
/*C1525*/SET SCHEMA PUBLIC
DISCONNECT
/*C1527*/SET SCHEMA PUBLIC
DISCONNECT
/*C1529*/SET SCHEMA PUBLIC
DISCONNECT
/*C1531*/SET SCHEMA PUBLIC
DISCONNECT
/*C1533*/SET SCHEMA PUBLIC
DISCONNECT
/*C1534*/SET SCHEMA PUBLIC
INSERT INTO COMMENTS VALUES('795','Good','5','admin','2018-03-17 22:45:22.644000')
COMMIT
/*C1535*/SET SCHEMA PUBLIC
DISCONNECT
/*C1537*/SET SCHEMA PUBLIC
DISCONNECT
/*C1539*/SET SCHEMA PUBLIC
DISCONNECT
/*C1541*/SET SCHEMA PUBLIC
DISCONNECT
/*C1543*/SET SCHEMA PUBLIC
DISCONNECT
/*C1545*/SET SCHEMA PUBLIC
DISCONNECT
/*C1547*/SET SCHEMA PUBLIC
DISCONNECT
/*C1549*/SET SCHEMA PUBLIC
DISCONNECT
/*C1551*/SET SCHEMA PUBLIC
DISCONNECT
/*C1553*/SET SCHEMA PUBLIC
DISCONNECT
/*C1555*/SET SCHEMA PUBLIC
DISCONNECT
/*C1557*/SET SCHEMA PUBLIC
DISCONNECT
/*C1559*/SET SCHEMA PUBLIC
DISCONNECT
/*C1561*/SET SCHEMA PUBLIC
DISCONNECT
/*C1563*/SET SCHEMA PUBLIC
DISCONNECT
/*C1565*/SET SCHEMA PUBLIC
DISCONNECT
/*C1566*/SET SCHEMA PUBLIC
INSERT INTO BOOK VALUES('595','Test Title','admin','2018-03-17 22:47:43.433000')
COMMIT
/*C1567*/SET SCHEMA PUBLIC
DISCONNECT
/*C1569*/SET SCHEMA PUBLIC
DISCONNECT
/*C1571*/SET SCHEMA PUBLIC
DISCONNECT
/*C1573*/SET SCHEMA PUBLIC
DISCONNECT
/*C1575*/SET SCHEMA PUBLIC
DISCONNECT
/*C1577*/SET SCHEMA PUBLIC
DISCONNECT
/*C1579*/SET SCHEMA PUBLIC
DISCONNECT
/*C1581*/SET SCHEMA PUBLIC
DISCONNECT
/*C1582*/SET SCHEMA PUBLIC
INSERT INTO COMMENTS VALUES('595','Good','5','admin','2018-03-17 22:48:01.959000')
COMMIT
/*C1583*/SET SCHEMA PUBLIC
DISCONNECT
/*C1585*/SET SCHEMA PUBLIC
DISCONNECT
/*C1587*/SET SCHEMA PUBLIC
DISCONNECT
/*C1589*/SET SCHEMA PUBLIC
DISCONNECT
/*C1591*/SET SCHEMA PUBLIC
DISCONNECT
/*C1593*/SET SCHEMA PUBLIC
DISCONNECT
/*C1595*/SET SCHEMA PUBLIC
DISCONNECT
/*C1597*/SET SCHEMA PUBLIC
DISCONNECT
/*C1599*/SET SCHEMA PUBLIC
DISCONNECT
/*C1601*/SET SCHEMA PUBLIC
DISCONNECT
/*C1603*/SET SCHEMA PUBLIC
DISCONNECT
/*C1605*/SET SCHEMA PUBLIC
DISCONNECT
/*C1607*/SET SCHEMA PUBLIC
DISCONNECT
/*C1609*/SET SCHEMA PUBLIC
DISCONNECT
/*C1611*/SET SCHEMA PUBLIC
DISCONNECT
/*C1613*/SET SCHEMA PUBLIC
DISCONNECT
/*C1615*/SET SCHEMA PUBLIC
DISCONNECT
/*C1617*/SET SCHEMA PUBLIC
DISCONNECT
/*C1619*/SET SCHEMA PUBLIC
DISCONNECT
/*C1621*/SET SCHEMA PUBLIC
DISCONNECT
/*C1623*/SET SCHEMA PUBLIC
DISCONNECT
/*C1625*/SET SCHEMA PUBLIC
DISCONNECT
/*C1626*/SET SCHEMA PUBLIC
INSERT INTO COMMENTS VALUES('595','Good','5','admin','2018-03-17 22:50:32.423000')
COMMIT
/*C1627*/SET SCHEMA PUBLIC
DISCONNECT
/*C1629*/SET SCHEMA PUBLIC
DISCONNECT
/*C1631*/SET SCHEMA PUBLIC
DISCONNECT
/*C1633*/SET SCHEMA PUBLIC
DISCONNECT
/*C1635*/SET SCHEMA PUBLIC
DISCONNECT
/*C1637*/SET SCHEMA PUBLIC
DISCONNECT
/*C1639*/SET SCHEMA PUBLIC
DISCONNECT
/*C1641*/SET SCHEMA PUBLIC
DISCONNECT
/*C1643*/SET SCHEMA PUBLIC
DISCONNECT
/*C1645*/SET SCHEMA PUBLIC
DISCONNECT
/*C1647*/SET SCHEMA PUBLIC
DISCONNECT
/*C1649*/SET SCHEMA PUBLIC
DISCONNECT
/*C1651*/SET SCHEMA PUBLIC
DISCONNECT
/*C1653*/SET SCHEMA PUBLIC
DISCONNECT
/*C1655*/SET SCHEMA PUBLIC
DISCONNECT
/*C1657*/SET SCHEMA PUBLIC
DISCONNECT
/*C1659*/SET SCHEMA PUBLIC
DISCONNECT
/*C1661*/SET SCHEMA PUBLIC
DISCONNECT
/*C1663*/SET SCHEMA PUBLIC
DISCONNECT
/*C1665*/SET SCHEMA PUBLIC
DISCONNECT
/*C1667*/SET SCHEMA PUBLIC
DISCONNECT
/*C1669*/SET SCHEMA PUBLIC
DISCONNECT
/*C1671*/SET SCHEMA PUBLIC
DISCONNECT
/*C1673*/SET SCHEMA PUBLIC
DISCONNECT
/*C1675*/SET SCHEMA PUBLIC
DISCONNECT
/*C1676*/SET SCHEMA PUBLIC
INSERT INTO COMMENTS VALUES('595','Good','5','admin','2018-03-17 22:52:33.290000')
COMMIT
/*C1677*/SET SCHEMA PUBLIC
DISCONNECT
/*C1679*/SET SCHEMA PUBLIC
DISCONNECT
/*C1681*/SET SCHEMA PUBLIC
DISCONNECT
/*C1683*/SET SCHEMA PUBLIC
DISCONNECT
/*C1685*/SET SCHEMA PUBLIC
DISCONNECT
/*C1687*/SET SCHEMA PUBLIC
DISCONNECT
/*C1689*/SET SCHEMA PUBLIC
DISCONNECT
/*C1691*/SET SCHEMA PUBLIC
DISCONNECT
/*C1693*/SET SCHEMA PUBLIC
DISCONNECT
/*C1695*/SET SCHEMA PUBLIC
DISCONNECT
/*C1697*/SET SCHEMA PUBLIC
DISCONNECT
/*C1699*/SET SCHEMA PUBLIC
DISCONNECT
/*C1701*/SET SCHEMA PUBLIC
DISCONNECT
/*C1703*/SET SCHEMA PUBLIC
DISCONNECT
/*C1705*/SET SCHEMA PUBLIC
DISCONNECT
/*C1707*/SET SCHEMA PUBLIC
DISCONNECT
/*C1709*/SET SCHEMA PUBLIC
DISCONNECT
/*C1711*/SET SCHEMA PUBLIC
DISCONNECT
/*C1713*/SET SCHEMA PUBLIC
DISCONNECT
/*C1715*/SET SCHEMA PUBLIC
DISCONNECT
/*C1716*/SET SCHEMA PUBLIC
INSERT INTO BOOK VALUES('44','Head First Java','admin','2018-03-17 22:53:01.785000')
COMMIT
/*C1717*/SET SCHEMA PUBLIC
DISCONNECT
/*C1719*/SET SCHEMA PUBLIC
DISCONNECT
/*C1721*/SET SCHEMA PUBLIC
DISCONNECT
/*C1723*/SET SCHEMA PUBLIC
DISCONNECT
/*C1725*/SET SCHEMA PUBLIC
DISCONNECT
/*C1727*/SET SCHEMA PUBLIC
DISCONNECT
/*C1729*/SET SCHEMA PUBLIC
DISCONNECT
/*C1730*/SET SCHEMA PUBLIC
INSERT INTO BOOK VALUES('346','Head First Java','admin','2018-03-17 22:53:05.076000')
COMMIT
/*C1731*/SET SCHEMA PUBLIC
DISCONNECT
/*C1733*/SET SCHEMA PUBLIC
DISCONNECT
/*C1735*/SET SCHEMA PUBLIC
DISCONNECT
/*C1737*/SET SCHEMA PUBLIC
DISCONNECT
/*C1739*/SET SCHEMA PUBLIC
DISCONNECT
/*C1741*/SET SCHEMA PUBLIC
DISCONNECT
/*C1743*/SET SCHEMA PUBLIC
DISCONNECT
/*C1745*/SET SCHEMA PUBLIC
DISCONNECT
/*C1747*/SET SCHEMA PUBLIC
DISCONNECT
/*C1749*/SET SCHEMA PUBLIC
DISCONNECT
/*C1750*/SET SCHEMA PUBLIC
INSERT INTO BOOK VALUES('549','Test Title','admin','2018-03-17 23:01:06.419000')
COMMIT
/*C1751*/SET SCHEMA PUBLIC
DISCONNECT
/*C1753*/SET SCHEMA PUBLIC
DISCONNECT
/*C1755*/SET SCHEMA PUBLIC
DISCONNECT
/*C1757*/SET SCHEMA PUBLIC
DISCONNECT
/*C1759*/SET SCHEMA PUBLIC
DISCONNECT
/*C1761*/SET SCHEMA PUBLIC
DISCONNECT
/*C1763*/SET SCHEMA PUBLIC
DISCONNECT
/*C1765*/SET SCHEMA PUBLIC
DISCONNECT
/*C1767*/SET SCHEMA PUBLIC
DISCONNECT
/*C1769*/SET SCHEMA PUBLIC
DISCONNECT
/*C1771*/SET SCHEMA PUBLIC
DISCONNECT
/*C1773*/SET SCHEMA PUBLIC
DISCONNECT
/*C1775*/SET SCHEMA PUBLIC
DISCONNECT
/*C1776*/SET SCHEMA PUBLIC
INSERT INTO COMMENTS VALUES('549','Good','5','admin','2018-03-17 23:01:18.751000')
COMMIT
/*C1777*/SET SCHEMA PUBLIC
DISCONNECT
/*C1779*/SET SCHEMA PUBLIC
DISCONNECT
/*C1781*/SET SCHEMA PUBLIC
DISCONNECT
/*C1783*/SET SCHEMA PUBLIC
DISCONNECT
/*C1785*/SET SCHEMA PUBLIC
DISCONNECT
/*C1787*/SET SCHEMA PUBLIC
DISCONNECT
/*C1789*/SET SCHEMA PUBLIC
DISCONNECT
/*C1791*/SET SCHEMA PUBLIC
DISCONNECT
/*C1793*/SET SCHEMA PUBLIC
DISCONNECT
/*C1795*/SET SCHEMA PUBLIC
DISCONNECT
/*C1797*/SET SCHEMA PUBLIC
DISCONNECT
/*C1799*/SET SCHEMA PUBLIC
DISCONNECT
/*C1801*/SET SCHEMA PUBLIC
DISCONNECT
/*C1803*/SET SCHEMA PUBLIC
DISCONNECT
/*C1805*/SET SCHEMA PUBLIC
DISCONNECT
/*C1807*/SET SCHEMA PUBLIC
DISCONNECT
/*C1809*/SET SCHEMA PUBLIC
DISCONNECT
/*C1811*/SET SCHEMA PUBLIC
DISCONNECT
/*C1813*/SET SCHEMA PUBLIC
DISCONNECT
/*C1815*/SET SCHEMA PUBLIC
DISCONNECT
/*C1816*/SET SCHEMA PUBLIC
INSERT INTO BOOK VALUES('288','Head First Java','admin','2018-03-17 23:01:48.145000')
COMMIT
/*C1817*/SET SCHEMA PUBLIC
DISCONNECT
/*C1819*/SET SCHEMA PUBLIC
DISCONNECT
/*C1821*/SET SCHEMA PUBLIC
DISCONNECT
/*C1823*/SET SCHEMA PUBLIC
DISCONNECT
/*C1825*/SET SCHEMA PUBLIC
DISCONNECT
/*C1827*/SET SCHEMA PUBLIC
DISCONNECT
/*C1829*/SET SCHEMA PUBLIC
DISCONNECT
/*C1830*/SET SCHEMA PUBLIC
INSERT INTO BOOK VALUES('22','Head First Java','admin','2018-03-17 23:01:51.497000')
COMMIT
/*C1831*/SET SCHEMA PUBLIC
DISCONNECT
/*C1833*/SET SCHEMA PUBLIC
DISCONNECT
/*C1835*/SET SCHEMA PUBLIC
DISCONNECT
/*C1837*/SET SCHEMA PUBLIC
DISCONNECT
/*C1839*/SET SCHEMA PUBLIC
DISCONNECT
/*C1841*/SET SCHEMA PUBLIC
DISCONNECT
/*C1843*/SET SCHEMA PUBLIC
DISCONNECT
/*C1845*/SET SCHEMA PUBLIC
DISCONNECT
/*C1847*/SET SCHEMA PUBLIC
DISCONNECT
/*C1849*/SET SCHEMA PUBLIC
DISCONNECT
/*C1851*/SET SCHEMA PUBLIC
DISCONNECT
/*C1853*/SET SCHEMA PUBLIC
DISCONNECT
/*C1854*/SET SCHEMA PUBLIC
INSERT INTO BOOK VALUES('573','Head First Java','admin','2018-03-17 23:02:40.822000')
COMMIT
/*C1855*/SET SCHEMA PUBLIC
DISCONNECT
/*C1857*/SET SCHEMA PUBLIC
DISCONNECT
/*C1859*/SET SCHEMA PUBLIC
DISCONNECT
/*C1861*/SET SCHEMA PUBLIC
DISCONNECT
/*C1863*/SET SCHEMA PUBLIC
DISCONNECT
/*C1865*/SET SCHEMA PUBLIC
DISCONNECT
/*C1867*/SET SCHEMA PUBLIC
DISCONNECT
/*C1868*/SET SCHEMA PUBLIC
INSERT INTO BOOK VALUES('64','Head First Java','admin','2018-03-17 23:02:44.169000')
COMMIT
/*C1869*/SET SCHEMA PUBLIC
DISCONNECT
/*C1871*/SET SCHEMA PUBLIC
DISCONNECT
/*C1873*/SET SCHEMA PUBLIC
DISCONNECT
/*C1875*/SET SCHEMA PUBLIC
DISCONNECT
/*C1877*/SET SCHEMA PUBLIC
DISCONNECT
/*C1879*/SET SCHEMA PUBLIC
DISCONNECT
/*C1881*/SET SCHEMA PUBLIC
DISCONNECT
/*C1883*/SET SCHEMA PUBLIC
DISCONNECT
/*C1885*/SET SCHEMA PUBLIC
DISCONNECT
/*C1887*/SET SCHEMA PUBLIC
DISCONNECT
/*C1889*/SET SCHEMA PUBLIC
DISCONNECT
/*C1891*/SET SCHEMA PUBLIC
DISCONNECT
/*C1893*/SET SCHEMA PUBLIC
DISCONNECT
/*C1895*/SET SCHEMA PUBLIC
DISCONNECT
/*C1897*/SET SCHEMA PUBLIC
DISCONNECT
/*C1899*/SET SCHEMA PUBLIC
DISCONNECT
/*C1900*/SET SCHEMA PUBLIC
INSERT INTO BOOK VALUES('555','Head First Java','admin','2018-03-17 23:03:11.413000')
COMMIT
/*C1901*/SET SCHEMA PUBLIC
DISCONNECT
/*C1903*/SET SCHEMA PUBLIC
DISCONNECT
/*C1905*/SET SCHEMA PUBLIC
DISCONNECT
/*C1907*/SET SCHEMA PUBLIC
DISCONNECT
/*C1909*/SET SCHEMA PUBLIC
DISCONNECT
/*C1911*/SET SCHEMA PUBLIC
DISCONNECT
/*C1913*/SET SCHEMA PUBLIC
DISCONNECT
/*C1914*/SET SCHEMA PUBLIC
INSERT INTO BOOK VALUES('769','Head First Java','admin','2018-03-17 23:03:14.727000')
COMMIT
/*C1915*/SET SCHEMA PUBLIC
DISCONNECT
/*C1917*/SET SCHEMA PUBLIC
DISCONNECT
/*C1919*/SET SCHEMA PUBLIC
DISCONNECT
/*C1921*/SET SCHEMA PUBLIC
DISCONNECT
/*C1923*/SET SCHEMA PUBLIC
DISCONNECT
/*C1925*/SET SCHEMA PUBLIC
DISCONNECT
/*C1927*/SET SCHEMA PUBLIC
DISCONNECT
/*C1929*/SET SCHEMA PUBLIC
DISCONNECT
/*C1931*/SET SCHEMA PUBLIC
DISCONNECT
/*C1933*/SET SCHEMA PUBLIC
DISCONNECT
/*C1935*/SET SCHEMA PUBLIC
DISCONNECT
/*C1937*/SET SCHEMA PUBLIC
DISCONNECT
/*C1939*/SET SCHEMA PUBLIC
DISCONNECT
/*C1941*/SET SCHEMA PUBLIC
DISCONNECT
/*C1943*/SET SCHEMA PUBLIC
DISCONNECT
/*C1945*/SET SCHEMA PUBLIC
DISCONNECT
/*C1947*/SET SCHEMA PUBLIC
DISCONNECT
/*C1949*/SET SCHEMA PUBLIC
DISCONNECT
/*C1951*/SET SCHEMA PUBLIC
DISCONNECT
/*C1953*/SET SCHEMA PUBLIC
DISCONNECT
/*C1955*/SET SCHEMA PUBLIC
DISCONNECT
/*C1957*/SET SCHEMA PUBLIC
DISCONNECT
/*C1959*/SET SCHEMA PUBLIC
DISCONNECT
/*C1961*/SET SCHEMA PUBLIC
DISCONNECT
/*C1963*/SET SCHEMA PUBLIC
DISCONNECT
/*C1964*/SET SCHEMA PUBLIC
INSERT INTO BOOK VALUES('767','Test Title','admin','2018-03-17 23:04:03.652000')
COMMIT
/*C1965*/SET SCHEMA PUBLIC
DISCONNECT
/*C1967*/SET SCHEMA PUBLIC
DISCONNECT
/*C1969*/SET SCHEMA PUBLIC
DISCONNECT
/*C1971*/SET SCHEMA PUBLIC
DISCONNECT
/*C1973*/SET SCHEMA PUBLIC
DISCONNECT
/*C1975*/SET SCHEMA PUBLIC
DISCONNECT
/*C1977*/SET SCHEMA PUBLIC
DISCONNECT
/*C1979*/SET SCHEMA PUBLIC
DISCONNECT
/*C1981*/SET SCHEMA PUBLIC
DISCONNECT
/*C1983*/SET SCHEMA PUBLIC
DISCONNECT
/*C1984*/SET SCHEMA PUBLIC
INSERT INTO COMMENTS VALUES('767','Good','5','admin','2018-03-17 23:04:13.403000')
COMMIT
/*C1985*/SET SCHEMA PUBLIC
DISCONNECT
/*C1987*/SET SCHEMA PUBLIC
DISCONNECT
/*C1989*/SET SCHEMA PUBLIC
DISCONNECT
/*C1991*/SET SCHEMA PUBLIC
DISCONNECT
/*C1993*/SET SCHEMA PUBLIC
DISCONNECT
/*C1995*/SET SCHEMA PUBLIC
DISCONNECT
/*C1997*/SET SCHEMA PUBLIC
DISCONNECT
/*C1999*/SET SCHEMA PUBLIC
DISCONNECT
/*C2001*/SET SCHEMA PUBLIC
DISCONNECT
/*C2003*/SET SCHEMA PUBLIC
DISCONNECT
/*C2005*/SET SCHEMA PUBLIC
DISCONNECT
/*C2007*/SET SCHEMA PUBLIC
DISCONNECT
/*C2009*/SET SCHEMA PUBLIC
DISCONNECT
/*C2011*/SET SCHEMA PUBLIC
DISCONNECT
/*C2013*/SET SCHEMA PUBLIC
DISCONNECT
/*C2015*/SET SCHEMA PUBLIC
DISCONNECT
/*C2017*/SET SCHEMA PUBLIC
DISCONNECT
/*C2019*/SET SCHEMA PUBLIC
DISCONNECT
/*C2021*/SET SCHEMA PUBLIC
DISCONNECT
/*C2023*/SET SCHEMA PUBLIC
DISCONNECT
/*C2024*/SET SCHEMA PUBLIC
INSERT INTO BOOK VALUES('2648','Head First Java','admin','2018-03-17 23:04:41.519000')
COMMIT
/*C2025*/SET SCHEMA PUBLIC
DISCONNECT
/*C2027*/SET SCHEMA PUBLIC
DISCONNECT
/*C2029*/SET SCHEMA PUBLIC
DISCONNECT
/*C2031*/SET SCHEMA PUBLIC
DISCONNECT
/*C2033*/SET SCHEMA PUBLIC
DISCONNECT
/*C2035*/SET SCHEMA PUBLIC
DISCONNECT
/*C2037*/SET SCHEMA PUBLIC
DISCONNECT
/*C2038*/SET SCHEMA PUBLIC
INSERT INTO BOOK VALUES('9615','Head First Java','admin','2018-03-17 23:04:44.876000')
COMMIT
/*C2039*/SET SCHEMA PUBLIC
DISCONNECT
/*C2041*/SET SCHEMA PUBLIC
DISCONNECT
/*C2043*/SET SCHEMA PUBLIC
DISCONNECT
/*C2045*/SET SCHEMA PUBLIC
DISCONNECT
/*C2047*/SET SCHEMA PUBLIC
DISCONNECT
/*C2049*/SET SCHEMA PUBLIC
DISCONNECT
/*C2051*/SET SCHEMA PUBLIC
DISCONNECT
/*C2053*/SET SCHEMA PUBLIC
DISCONNECT
/*C2055*/SET SCHEMA PUBLIC
DISCONNECT
/*C2057*/SET SCHEMA PUBLIC
DISCONNECT
/*C2059*/SET SCHEMA PUBLIC
DISCONNECT
/*C2061*/SET SCHEMA PUBLIC
DISCONNECT
/*C2063*/SET SCHEMA PUBLIC
DISCONNECT
/*C2065*/SET SCHEMA PUBLIC
DISCONNECT
/*C2067*/SET SCHEMA PUBLIC
DISCONNECT
/*C2069*/SET SCHEMA PUBLIC
DISCONNECT
/*C2071*/SET SCHEMA PUBLIC
DISCONNECT
/*C2073*/SET SCHEMA PUBLIC
DISCONNECT
/*C2075*/SET SCHEMA PUBLIC
DISCONNECT
/*C2077*/SET SCHEMA PUBLIC
DISCONNECT
/*C2078*/SET SCHEMA PUBLIC
INSERT INTO COMMENTS VALUES('9615','Good','5','admin','2018-03-17 23:05:59.271000')
COMMIT
/*C2079*/SET SCHEMA PUBLIC
DISCONNECT
/*C2081*/SET SCHEMA PUBLIC
DISCONNECT
/*C2083*/SET SCHEMA PUBLIC
DISCONNECT
/*C2085*/SET SCHEMA PUBLIC
DISCONNECT
/*C2087*/SET SCHEMA PUBLIC
DISCONNECT
/*C2089*/SET SCHEMA PUBLIC
DISCONNECT
/*C2091*/SET SCHEMA PUBLIC
DISCONNECT
/*C2093*/SET SCHEMA PUBLIC
DISCONNECT
/*C2095*/SET SCHEMA PUBLIC
DISCONNECT
/*C2097*/SET SCHEMA PUBLIC
DISCONNECT
/*C2099*/SET SCHEMA PUBLIC
DISCONNECT
/*C2101*/SET SCHEMA PUBLIC
DISCONNECT
/*C2103*/SET SCHEMA PUBLIC
DISCONNECT
/*C2105*/SET SCHEMA PUBLIC
DISCONNECT
/*C2107*/SET SCHEMA PUBLIC
DISCONNECT
/*C2109*/SET SCHEMA PUBLIC
DISCONNECT
/*C2111*/SET SCHEMA PUBLIC
DISCONNECT
/*C2113*/SET SCHEMA PUBLIC
DISCONNECT
/*C2115*/SET SCHEMA PUBLIC
DISCONNECT
/*C2117*/SET SCHEMA PUBLIC
DISCONNECT
/*C2118*/SET SCHEMA PUBLIC
INSERT INTO BOOK VALUES('3978','Head First Java','admin','2018-03-17 23:06:27.681000')
COMMIT
/*C2119*/SET SCHEMA PUBLIC
DISCONNECT
/*C2121*/SET SCHEMA PUBLIC
DISCONNECT
/*C2123*/SET SCHEMA PUBLIC
DISCONNECT
/*C2125*/SET SCHEMA PUBLIC
DISCONNECT
/*C2127*/SET SCHEMA PUBLIC
DISCONNECT
/*C2129*/SET SCHEMA PUBLIC
DISCONNECT
/*C2131*/SET SCHEMA PUBLIC
DISCONNECT
/*C2132*/SET SCHEMA PUBLIC
INSERT INTO BOOK VALUES('2628','Head First Java','admin','2018-03-17 23:06:31.026000')
COMMIT
/*C2133*/SET SCHEMA PUBLIC
DISCONNECT
/*C2135*/SET SCHEMA PUBLIC
DISCONNECT
/*C2137*/SET SCHEMA PUBLIC
DISCONNECT
/*C2139*/SET SCHEMA PUBLIC
DISCONNECT
/*C2141*/SET SCHEMA PUBLIC
DISCONNECT
/*C2143*/SET SCHEMA PUBLIC
DISCONNECT
/*C2145*/SET SCHEMA PUBLIC
DISCONNECT
/*C2147*/SET SCHEMA PUBLIC
DISCONNECT
/*C2149*/SET SCHEMA PUBLIC
DISCONNECT
/*C2151*/SET SCHEMA PUBLIC
DISCONNECT
/*C2153*/SET SCHEMA PUBLIC
DISCONNECT
/*C2155*/SET SCHEMA PUBLIC
DISCONNECT
